d:\03 github\校招真题\2018校招真题\debug\vc140.pdb
d:\03 github\校招真题\2018校招真题\debug\vc140.idb
d:\03 github\校招真题\2018校招真题\debug\02.拼多多——大整数相乘.obj
d:\03 github\校招真题\2018校招真题\debug\01.拼多多_最大乘积.obj
d:\03 github\校招真题\2018校招真题\debug\03.拼多多——六一儿童节.obj
d:\03 github\校招真题\2018校招真题\debug\04.网易——彩色的砖块.obj
d:\03 github\校招真题\2018校招真题\debug\05.网易——等差数列.obj
d:\03 github\校招真题\2018校招真题\debug\06.网易——交错01串.obj
d:\03 github\校招真题\2018校招真题\debug\07.网易——操作序列.obj
d:\03 github\校招真题\2018校招真题\debug\08.网易——独立的小易.obj
d:\03 github\校招真题\2018校招真题\debug\09.网易——堆棋子.obj
d:\03 github\校招真题\2018校招真题\debug\test.obj
d:\03 github\校招真题\2018校招真题\debug\test.obj.enc
d:\03 github\校招真题\2018校招真题\debug\2018校招真题.pdb
d:\03 github\校招真题\2018校招真题\debug\2018校招真题.tlog\cl.command.1.tlog
d:\03 github\校招真题\2018校招真题\debug\2018校招真题.tlog\cl.read.1.tlog
d:\03 github\校招真题\2018校招真题\debug\2018校招真题.tlog\cl.write.1.tlog
d:\03 github\校招真题\2018校招真题\debug\2018校招真题.tlog\link.command.1.tlog
d:\03 github\校招真题\2018校招真题\debug\2018校招真题.tlog\link.read.1.tlog
d:\03 github\校招真题\2018校招真题\debug\2018校招真题.tlog\link.write.1.tlog
